  [4;36;1mSQL (0.2ms)[0m   [0;1m SELECT name
 FROM sqlite_master
 WHERE type = 'table' AND NOT name = 'sqlite_sequence'
[0m
  [4;35;1mSQL (0.1ms)[0m   [0mselect sqlite_version(*)[0m
  [4;36;1mSQL (3.0ms)[0m   [0;1mCREATE TABLE "schema_migrations" ("version" varchar(255) NOT NULL) [0m
  [4;35;1mSQL (4.1ms)[0m   [0mCREATE UNIQUE INDEX "unique_schema_migrations" ON "schema_migrations" ("version")[0m
  [4;36;1mSQL (0.3ms)[0m   [0;1m SELECT name
 FROM sqlite_master
 WHERE type = 'table' AND NOT name = 'sqlite_sequence'
[0m
  [4;35;1mSQL (0.2ms)[0m   [0mSELECT version FROM schema_migrations[0m
Migrating to CreateUsers (20091021234001)
  [4;36;1mSQL (0.2ms)[0m   [0;1m SELECT name
 FROM sqlite_master
 WHERE type = 'table' AND NOT name = 'sqlite_sequence'
[0m
  [4;35;1mSQL (0.4ms)[0m   [0mCREATE TABLE "users" ("id" INTEGER PRIMARY KEY AUTOINCREMENT NOT NULL, "uuid" varchar(36) NOT NULL, "username" varchar(20) NOT NULL, "email" varchar(255), "crypted_password" varchar(255), "password_salt" varchar(255), "persistence_token" varchar(255), "login_count" integer, "created_at" datetime, "updated_at" datetime, "accepted_terms_of_use" boolean DEFAULT 'f' NOT NULL) [0m
  [4;36;1mSQL (0.1ms)[0m   [0;1mINSERT INTO schema_migrations (version) VALUES ('20091021234001')[0m
  [4;35;1mSQL (0.2ms)[0m   [0m SELECT name
 FROM sqlite_master
 WHERE type = 'table' AND NOT name = 'sqlite_sequence'
[0m
  [4;36;1mSQL (0.1ms)[0m   [0;1mSELECT version FROM schema_migrations[0m
  [4;35;1mSQL (0.1ms)[0m   [0m SELECT name
 FROM sqlite_master
 WHERE type = 'table' AND NOT name = 'sqlite_sequence'
[0m
  [4;36;1mSQL (0.0ms)[0m   [0;1mPRAGMA index_list("users")[0m
  [4;36;1mUser Create (0.0ms)[0m   [0;1mSQLite3::SQLException: users.uuid may not be NULL: INSERT INTO "users" ("created_at", "crypted_password", "uuid", "updated_at", "username", "password_salt", "accepted_terms_of_use", "persistence_token", "login_count", "email") VALUES('2009-10-21 23:43:33', NULL, NULL, '2009-10-21 23:43:33', 'user1', NULL, 'f', NULL, NULL, NULL)[0m
  [4;35;1mUser Create (0.3ms)[0m   [0mINSERT INTO "users" ("created_at", "crypted_password", "uuid", "updated_at", "username", "password_salt", "accepted_terms_of_use", "persistence_token", "login_count", "email") VALUES('2009-10-21 23:43:33', NULL, 1, '2009-10-21 23:43:33', 'user1', NULL, 'f', NULL, NULL, NULL)[0m


Processing UsersController#index (for 127.0.0.1 at 2009-10-21 17:32:37) [GET]
  [4;36;1mUser Load (0.5ms)[0m   [0;1mSELECT * FROM "users" [0m
Rendering template within layouts/users
Rendering users/index
Completed in 53ms (View: 45, DB: 0) | 200 OK [http://localhost/users]


Processing UsersController#index (for 127.0.0.1 at 2009-10-21 17:39:42) [GET]
  [4;35;1mUser Load (0.4ms)[0m   [0mSELECT * FROM "users" [0m
Rendering template within layouts/users
Rendering users/index
Completed in 10ms (View: 5, DB: 0) | 200 OK [http://localhost/users]


Processing UsersController#index (for 127.0.0.1 at 2009-10-21 17:39:43) [GET]
  [4;36;1mUser Load (0.5ms)[0m   [0;1mSELECT * FROM "users" [0m
Rendering template within layouts/users
Rendering users/index
Completed in 11ms (View: 5, DB: 0) | 200 OK [http://localhost/users]


Processing UsersController#index (for 127.0.0.1 at 2009-10-21 17:39:44) [GET]
  [4;35;1mUser Load (0.5ms)[0m   [0mSELECT * FROM "users" [0m
Rendering template within layouts/users
Rendering users/index
Completed in 11ms (View: 5, DB: 0) | 200 OK [http://localhost/users]
